<?xml version="1.0" encoding="UTF-8"?>
<!-- Generated by org.testng.reporters.JUnitXMLReporter -->
<testsuite ignored="1" hostname="DESKTOP-P1M3VO3" failures="0" tests="5" name="Default test" time="180.237" errors="0" timestamp="2024-10-06T19:01:40 IST">
  <testcase classname="org.flipkart.pom.test.FlipkartTests" name="testflipkartDataDriven" time="17.716"/>
  <testcase classname="org.flipkart.pom.test.FlipkartTests" name="testSearchBarSuggestions" time="1.714"/>
  <testcase classname="org.flipkart.pom.test.FlipkartTests" name="testFiltersProductSearch" time="7.682"/>
  <testcase classname="org.flipkart.pom.test.FlipkartTests" name="testSearchForProduct" time="4.409"/>
  <testcase classname="org.flipkart.pom.test.FlipkartTests" name="testProductDetailAndAddToCart" time="11.513"/>
  <testcase classname="org.flipkart.pom.test.FlipkartTests" name="testloginPopUpClose" time="0.0">
    <ignored/>
  </testcase> <!-- testloginPopUpClose -->
</testsuite> <!-- Default test -->
