<?xml version="1.0" encoding="UTF-8"?>
<testng-results ignored="1" total="6" passed="5" failed="0" skipped="0">
  <reporter-output>
  </reporter-output>
  <suite started-at="2024-10-06T18:58:40 IST" name="Default suite" finished-at="2024-10-06T19:01:40 IST" duration-ms="180237">
    <groups>
    </groups>
    <test started-at="2024-10-06T18:58:40 IST" name="Default test" finished-at="2024-10-06T19:01:40 IST" duration-ms="180237">
      <class name="org.flipkart.pom.test.FlipkartTests">
        <test-method is-config="true" signature="OpenApplication()[pri:0, instance:org.flipkart.pom.test.FlipkartTests@47d9a273]" started-at="2024-10-06T18:58:40 IST" name="OpenApplication" finished-at="2024-10-06T18:59:03 IST" duration-ms="23516" status="PASS">
          <reporter-output>
          </reporter-output>
        </test-method> <!-- OpenApplication -->
        <test-method is-config="true" signature="initializeObjects()[pri:0, instance:org.flipkart.pom.test.FlipkartTests@47d9a273]" started-at="2024-10-06T18:59:04 IST" name="initializeObjects" finished-at="2024-10-06T18:59:04 IST" duration-ms="180" status="PASS">
          <reporter-output>
          </reporter-output>
        </test-method> <!-- initializeObjects -->
        <test-method signature="testflipkartDataDriven(java.lang.String,java.lang.String,java.lang.String,java.lang.String)[pri:1, instance:org.flipkart.pom.test.FlipkartTests@47d9a273]" started-at="2024-10-06T18:59:07 IST" name="testflipkartDataDriven" data-provider="getBasicFormDataFromExcelFile" finished-at="2024-10-06T18:59:25 IST" duration-ms="17716" status="PASS">
          <params>
            <param index="0">
              <value>
                <![CDATA[phone]]>
              </value>
            </param>
            <param index="1">
              <value>
                <![CDATA[SAMSUNG]]>
              </value>
            </param>
            <param index="2">
              <value>
                <![CDATA[15000]]>
              </value>
            </param>
            <param index="3">
              <value>
                <![CDATA[20000]]>
              </value>
            </param>
          </params>
          <reporter-output>
          </reporter-output>
        </test-method> <!-- testflipkartDataDriven -->
        <test-method is-config="true" signature="NavigatetoHomePage()[pri:0, instance:org.flipkart.pom.test.FlipkartTests@47d9a273]" started-at="2024-10-06T18:59:25 IST" name="NavigatetoHomePage" finished-at="2024-10-06T18:59:34 IST" duration-ms="9148" status="PASS">
          <reporter-output>
          </reporter-output>
        </test-method> <!-- NavigatetoHomePage -->
        <test-method signature="testSearchBarSuggestions()[pri:2, instance:org.flipkart.pom.test.FlipkartTests@47d9a273]" started-at="2024-10-06T18:59:34 IST" name="testSearchBarSuggestions" finished-at="2024-10-06T18:59:36 IST" duration-ms="1714" status="PASS">
          <reporter-output>
          </reporter-output>
        </test-method> <!-- testSearchBarSuggestions -->
        <test-method is-config="true" signature="NavigatetoHomePage()[pri:0, instance:org.flipkart.pom.test.FlipkartTests@47d9a273]" started-at="2024-10-06T18:59:36 IST" name="NavigatetoHomePage" finished-at="2024-10-06T19:00:00 IST" duration-ms="23658" status="PASS">
          <reporter-output>
          </reporter-output>
        </test-method> <!-- NavigatetoHomePage -->
        <test-method signature="testFiltersProductSearch()[pri:3, instance:org.flipkart.pom.test.FlipkartTests@47d9a273]" started-at="2024-10-06T19:00:00 IST" name="testFiltersProductSearch" finished-at="2024-10-06T19:00:07 IST" duration-ms="7682" status="PASS">
          <reporter-output>
          </reporter-output>
        </test-method> <!-- testFiltersProductSearch -->
        <test-method is-config="true" signature="NavigatetoHomePage()[pri:0, instance:org.flipkart.pom.test.FlipkartTests@47d9a273]" started-at="2024-10-06T19:00:07 IST" name="NavigatetoHomePage" finished-at="2024-10-06T19:00:30 IST" duration-ms="22756" status="PASS">
          <reporter-output>
          </reporter-output>
        </test-method> <!-- NavigatetoHomePage -->
        <test-method signature="testSearchForProduct()[pri:4, instance:org.flipkart.pom.test.FlipkartTests@47d9a273]" started-at="2024-10-06T19:00:30 IST" name="testSearchForProduct" finished-at="2024-10-06T19:00:34 IST" duration-ms="4409" status="PASS">
          <reporter-output>
          </reporter-output>
        </test-method> <!-- testSearchForProduct -->
        <test-method is-config="true" signature="NavigatetoHomePage()[pri:0, instance:org.flipkart.pom.test.FlipkartTests@47d9a273]" started-at="2024-10-06T19:00:34 IST" name="NavigatetoHomePage" finished-at="2024-10-06T19:01:01 IST" duration-ms="26279" status="PASS">
          <reporter-output>
          </reporter-output>
        </test-method> <!-- NavigatetoHomePage -->
        <test-method signature="testProductDetailAndAddToCart()[pri:5, instance:org.flipkart.pom.test.FlipkartTests@47d9a273]" started-at="2024-10-06T19:01:01 IST" name="testProductDetailAndAddToCart" finished-at="2024-10-06T19:01:12 IST" duration-ms="11513" status="PASS">
          <reporter-output>
          </reporter-output>
        </test-method> <!-- testProductDetailAndAddToCart -->
        <test-method is-config="true" signature="NavigatetoHomePage()[pri:0, instance:org.flipkart.pom.test.FlipkartTests@47d9a273]" started-at="2024-10-06T19:01:12 IST" name="NavigatetoHomePage" finished-at="2024-10-06T19:01:35 IST" duration-ms="22974" status="PASS">
          <reporter-output>
          </reporter-output>
        </test-method> <!-- NavigatetoHomePage -->
        <test-method is-config="true" signature="tearDown()[pri:0, instance:org.flipkart.pom.test.FlipkartTests@47d9a273]" started-at="2024-10-06T19:01:36 IST" name="tearDown" finished-at="2024-10-06T19:01:40 IST" duration-ms="4305" status="PASS">
          <reporter-output>
          </reporter-output>
        </test-method> <!-- tearDown -->
      </class> <!-- org.flipkart.pom.test.FlipkartTests -->
    </test> <!-- Default test -->
  </suite> <!-- Default suite -->
</testng-results>
